  [1m[35m (0.1ms)[0m  [1m[34mSELECT sqlite_version(*)[0m
  [1m[35m (1.6ms)[0m  [1m[35mCREATE TABLE "schema_migrations" ("version" varchar NOT NULL PRIMARY KEY)[0m
  [1m[35m (1.6ms)[0m  [1m[35mCREATE TABLE "ar_internal_metadata" ("key" varchar NOT NULL PRIMARY KEY, "value" varchar, "created_at" datetime NOT NULL, "updated_at" datetime NOT NULL)[0m
  [1m[35m (0.1ms)[0m  [1m[34mSELECT "schema_migrations"."version" FROM "schema_migrations" ORDER BY "schema_migrations"."version" ASC[0m
Migrating to Company (20171115075234)
  [1m[35m (0.5ms)[0m  [1m[34mSELECT "schema_migrations"."version" FROM "schema_migrations" ORDER BY "schema_migrations"."version" ASC[0m
Migrating to Company (20171115075234)
  [1m[35m (0.5ms)[0m  [1m[34mSELECT "schema_migrations"."version" FROM "schema_migrations" ORDER BY "schema_migrations"."version" ASC[0m
  [1m[35m (0.2ms)[0m  [1m[34mSELECT "schema_migrations"."version" FROM "schema_migrations" ORDER BY "schema_migrations"."version" ASC[0m
Migrating to Company (20171115075234)
  [1m[35m (0.2ms)[0m  [1m[34mSELECT "schema_migrations"."version" FROM "schema_migrations" ORDER BY "schema_migrations"."version" ASC[0m
Migrating to Company (20171115075234)
  [1m[35m (0.1ms)[0m  [1m[36mbegin transaction[0m
  [1m[35m (0.1ms)[0m  [1m[31mrollback transaction[0m
  [1m[35m (0.2ms)[0m  [1m[34mSELECT "schema_migrations"."version" FROM "schema_migrations" ORDER BY "schema_migrations"."version" ASC[0m
Migrating to Company (20171115075234)
  [1m[35m (0.1ms)[0m  [1m[36mbegin transaction[0m
  [1m[35m (0.0ms)[0m  [1m[31mrollback transaction[0m
  [1m[35m (0.3ms)[0m  [1m[34mSELECT "schema_migrations"."version" FROM "schema_migrations" ORDER BY "schema_migrations"."version" ASC[0m
  [1m[35m (0.1ms)[0m  [1m[34mSELECT "schema_migrations"."version" FROM "schema_migrations" ORDER BY "schema_migrations"."version" ASC[0m
Migrating to Company (20171115075234)
  [1m[35m (0.1ms)[0m  [1m[36mbegin transaction[0m
  [1m[35m (0.0ms)[0m  [1m[31mrollback transaction[0m
  [1m[35m (0.1ms)[0m  [1m[34mSELECT "schema_migrations"."version" FROM "schema_migrations" ORDER BY "schema_migrations"."version" ASC[0m
  [1m[35m (0.1ms)[0m  [1m[34mSELECT "schema_migrations"."version" FROM "schema_migrations" ORDER BY "schema_migrations"."version" ASC[0m
Migrating to Company (20171115075234)
  [1m[35m (0.0ms)[0m  [1m[36mbegin transaction[0m
  [1m[35m (0.0ms)[0m  [1m[31mrollback transaction[0m
  [1m[35m (0.1ms)[0m  [1m[34mSELECT "schema_migrations"."version" FROM "schema_migrations" ORDER BY "schema_migrations"."version" ASC[0m
Migrating to Company (20171115075234)
  [1m[35m (0.0ms)[0m  [1m[36mbegin transaction[0m
  [1m[35m (0.0ms)[0m  [1m[31mrollback transaction[0m
  [1m[35m (0.1ms)[0m  [1m[34mSELECT "schema_migrations"."version" FROM "schema_migrations" ORDER BY "schema_migrations"."version" ASC[0m
Migrating to Company (20171115075234)
  [1m[35m (0.1ms)[0m  [1m[36mbegin transaction[0m
  [1m[35m (0.1ms)[0m  [1m[34mSELECT sqlite_version(*)[0m
  [1m[35m (0.6ms)[0m  [1m[35mCREATE TABLE "company" ("id" INTEGER PRIMARY KEY AUTOINCREMENT NOT NULL, "name" varchar NOT NULL, "memo" varchar, "address" varchar, "lat" float, "lng" float, "zoom" integer, "url1" varchar, "url2" varchar)[0m
  [1m[35mSQL (0.7ms)[0m  [1m[32mINSERT INTO "schema_migrations" ("version") VALUES (?)[0m  [["version", "20171115075234"]]
  [1m[35m (0.9ms)[0m  [1m[36mcommit transaction[0m
Migrating to Progress (20171115080252)
  [1m[35m (0.0ms)[0m  [1m[36mbegin transaction[0m
  [1m[35m (0.4ms)[0m  [1m[35mCREATE TABLE "progress" ("id" INTEGER PRIMARY KEY AUTOINCREMENT NOT NULL, "com_id" integer NOT NULL, "type" integer NOT NULL, "name" varchar, "history_num" integer NOT NULL, "is_compleate" boolean NOT NULL)[0m
  [1m[35mSQL (0.2ms)[0m  [1m[32mINSERT INTO "schema_migrations" ("version") VALUES (?)[0m  [["version", "20171115080252"]]
  [1m[35m (0.9ms)[0m  [1m[36mcommit transaction[0m
Migrating to ProgressType (20171115081719)
  [1m[35m (0.1ms)[0m  [1m[36mbegin transaction[0m
  [1m[35m (0.1ms)[0m  [1m[31mrollback transaction[0m
  [1m[35m (0.1ms)[0m  [1m[34mSELECT "schema_migrations"."version" FROM "schema_migrations" ORDER BY "schema_migrations"."version" ASC[0m
Migrating to ProgressType (20171115081719)
  [1m[35m (0.2ms)[0m  [1m[36mbegin transaction[0m
  [1m[35m (0.1ms)[0m  [1m[31mrollback transaction[0m
  [1m[35m (0.1ms)[0m  [1m[34mSELECT "schema_migrations"."version" FROM "schema_migrations" ORDER BY "schema_migrations"."version" ASC[0m
  [1m[35m (0.1ms)[0m  [1m[34mSELECT "schema_migrations"."version" FROM "schema_migrations" ORDER BY "schema_migrations"."version" ASC[0m
  [1m[35m (0.1ms)[0m  [1m[34mSELECT "schema_migrations"."version" FROM "schema_migrations" ORDER BY "schema_migrations"."version" ASC[0m
Migrating to ProgressType (20171115081719)
  [1m[35m (0.0ms)[0m  [1m[36mbegin transaction[0m
  [1m[35m (0.1ms)[0m  [1m[34mSELECT sqlite_version(*)[0m
  [1m[35m (0.5ms)[0m  [1m[35mCREATE TABLE "progress_type" ("id" INTEGER PRIMARY KEY AUTOINCREMENT NOT NULL, "name" varchar NOT NULL)[0m
  [1m[35mSQL (0.2ms)[0m  [1m[32mINSERT INTO "schema_migrations" ("version") VALUES (?)[0m  [["version", "20171115081719"]]
  [1m[35m (2.4ms)[0m  [1m[36mcommit transaction[0m
  [1m[36mActiveRecord::InternalMetadata Load (0.2ms)[0m  [1m[34mSELECT  "ar_internal_metadata".* FROM "ar_internal_metadata" WHERE "ar_internal_metadata"."key" = ? LIMIT ?[0m  [["key", "environment"], ["LIMIT", 1]]
  [1m[35m (0.1ms)[0m  [1m[36mbegin transaction[0m
  [1m[35mSQL (0.7ms)[0m  [1m[32mINSERT INTO "ar_internal_metadata" ("key", "value", "created_at", "updated_at") VALUES (?, ?, ?, ?)[0m  [["key", "environment"], ["value", "development"], ["created_at", "2017-11-15 09:11:32.351993"], ["updated_at", "2017-11-15 09:11:32.351993"]]
  [1m[35m (0.8ms)[0m  [1m[36mcommit transaction[0m
  [1m[35m (0.2ms)[0m  [1m[34mSELECT "schema_migrations"."version" FROM "schema_migrations" ORDER BY "schema_migrations"."version" ASC[0m
  [1m[35m (0.2ms)[0m  [1m[34mSELECT "schema_migrations"."version" FROM "schema_migrations" ORDER BY "schema_migrations"."version" ASC[0m
  [1m[35m (0.3ms)[0m  [1m[34mSELECT "schema_migrations"."version" FROM "schema_migrations" ORDER BY "schema_migrations"."version" ASC[0m
  [1m[35m (0.3ms)[0m  [1m[34mSELECT "schema_migrations"."version" FROM "schema_migrations" ORDER BY "schema_migrations"."version" ASC[0m
  [1m[35m (0.1ms)[0m  [1m[34mSELECT "schema_migrations"."version" FROM "schema_migrations" ORDER BY "schema_migrations"."version" ASC[0m
  [1m[35m (0.1ms)[0m  [1m[34mSELECT "schema_migrations"."version" FROM "schema_migrations" ORDER BY "schema_migrations"."version" ASC[0m
  [1m[35m (0.2ms)[0m  [1m[34mSELECT "schema_migrations"."version" FROM "schema_migrations" ORDER BY "schema_migrations"."version" ASC[0m
  [1m[35m (0.1ms)[0m  [1m[34mSELECT "schema_migrations"."version" FROM "schema_migrations" ORDER BY "schema_migrations"."version" ASC[0m
Started GET "/user/index" for 127.0.0.1 at 2017-11-15 18:25:57 +0900
  [1m[35m (0.2ms)[0m  [1m[34mSELECT "schema_migrations"."version" FROM "schema_migrations" ORDER BY "schema_migrations"."version" ASC[0m
Processing by UserController#index as HTML
  Rendering user/index.html.erb within layouts/application
  Rendered user/index.html.erb within layouts/application (1.3ms)
Completed 200 OK in 676ms (Views: 653.7ms | ActiveRecord: 0.0ms)


Started GET "/user/index" for 127.0.0.1 at 2017-11-15 18:28:12 +0900
Processing by UserController#index as HTML
  Rendering user/index.html.erb within layouts/application
  Rendered user/index.html.erb within layouts/application (0.5ms)
Completed 200 OK in 46ms (Views: 42.3ms | ActiveRecord: 0.0ms)


  [1m[35m (0.7ms)[0m  [1m[34mSELECT "schema_migrations"."version" FROM "schema_migrations" ORDER BY "schema_migrations"."version" ASC[0m
  [1m[35m (0.1ms)[0m  [1m[34mSELECT "schema_migrations"."version" FROM "schema_migrations" ORDER BY "schema_migrations"."version" ASC[0m
  [1m[35m (0.1ms)[0m  [1m[34mSELECT sqlite_version(*)[0m
  [1m[35m (2.8ms)[0m  [1m[35mCREATE TABLE "schema_migrations" ("version" varchar NOT NULL PRIMARY KEY)[0m
  [1m[35m (2.9ms)[0m  [1m[35mCREATE TABLE "ar_internal_metadata" ("key" varchar NOT NULL PRIMARY KEY, "value" varchar, "created_at" datetime NOT NULL, "updated_at" datetime NOT NULL)[0m
  [1m[35m (0.2ms)[0m  [1m[34mSELECT "schema_migrations"."version" FROM "schema_migrations" ORDER BY "schema_migrations"."version" ASC[0m
Migrating to Company (20171115075234)
  [1m[35m (0.1ms)[0m  [1m[36mbegin transaction[0m
  [1m[35m (0.6ms)[0m  [1m[35mCREATE TABLE "companis" ("id" INTEGER PRIMARY KEY AUTOINCREMENT NOT NULL, "name" varchar NOT NULL, "memo" varchar, "address" varchar, "lat" float, "lng" float, "zoom" integer, "url1" varchar, "url2" varchar)[0m
  [1m[35mSQL (0.4ms)[0m  [1m[32mINSERT INTO "schema_migrations" ("version") VALUES (?)[0m  [["version", "20171115075234"]]
  [1m[35m (1.6ms)[0m  [1m[36mcommit transaction[0m
Migrating to Progress (20171115080252)
  [1m[35m (0.1ms)[0m  [1m[36mbegin transaction[0m
  [1m[35m (0.9ms)[0m  [1m[35mCREATE TABLE "progresies" ("id" INTEGER PRIMARY KEY AUTOINCREMENT NOT NULL, "com_id" integer NOT NULL, "type" integer NOT NULL, "name" varchar, "history_num" integer NOT NULL, "is_compleate" boolean NOT NULL)[0m
  [1m[35mSQL (0.3ms)[0m  [1m[32mINSERT INTO "schema_migrations" ("version") VALUES (?)[0m  [["version", "20171115080252"]]
  [1m[35m (1.0ms)[0m  [1m[36mcommit transaction[0m
Migrating to ProgressType (20171115081719)
  [1m[35m (0.1ms)[0m  [1m[36mbegin transaction[0m
  [1m[35m (0.4ms)[0m  [1m[35mCREATE TABLE "progress_types" ("id" INTEGER PRIMARY KEY AUTOINCREMENT NOT NULL, "name" varchar NOT NULL)[0m
  [1m[35mSQL (0.2ms)[0m  [1m[32mINSERT INTO "schema_migrations" ("version") VALUES (?)[0m  [["version", "20171115081719"]]
  [1m[35m (1.0ms)[0m  [1m[36mcommit transaction[0m
  [1m[36mActiveRecord::InternalMetadata Load (0.2ms)[0m  [1m[34mSELECT  "ar_internal_metadata".* FROM "ar_internal_metadata" WHERE "ar_internal_metadata"."key" = ? LIMIT ?[0m  [["key", "environment"], ["LIMIT", 1]]
  [1m[35m (0.2ms)[0m  [1m[36mbegin transaction[0m
  [1m[35mSQL (0.7ms)[0m  [1m[32mINSERT INTO "ar_internal_metadata" ("key", "value", "created_at", "updated_at") VALUES (?, ?, ?, ?)[0m  [["key", "environment"], ["value", "development"], ["created_at", "2017-11-15 10:23:12.303897"], ["updated_at", "2017-11-15 10:23:12.303897"]]
  [1m[35m (5.6ms)[0m  [1m[36mcommit transaction[0m
  [1m[35m (0.3ms)[0m  [1m[34mSELECT "schema_migrations"."version" FROM "schema_migrations" ORDER BY "schema_migrations"."version" ASC[0m
  [1m[35m (0.1ms)[0m  [1m[34mSELECT "schema_migrations"."version" FROM "schema_migrations" ORDER BY "schema_migrations"."version" ASC[0m
  [1m[35m (0.2ms)[0m  [1m[34mSELECT "schema_migrations"."version" FROM "schema_migrations" ORDER BY "schema_migrations"."version" ASC[0m
  [1m[35m (0.1ms)[0m  [1m[34mSELECT "ar_internal_metadata"."value" FROM "ar_internal_metadata" WHERE "ar_internal_metadata"."key" = ?[0m  [["key", "environment"]]
  [1m[35m (0.1ms)[0m  [1m[34mSELECT "schema_migrations"."version" FROM "schema_migrations" ORDER BY "schema_migrations"."version" ASC[0m
  [1m[35m (0.1ms)[0m  [1m[34mSELECT "ar_internal_metadata"."value" FROM "ar_internal_metadata" WHERE "ar_internal_metadata"."key" = ?[0m  [["key", "environment"]]
  [1m[35m (0.0ms)[0m  [1m[34mSELECT "schema_migrations"."version" FROM "schema_migrations" ORDER BY "schema_migrations"."version" ASC[0m
  [1m[35m (0.1ms)[0m  [1m[34mSELECT "ar_internal_metadata"."value" FROM "ar_internal_metadata" WHERE "ar_internal_metadata"."key" = ?[0m  [["key", "environment"]]
  [1m[35m (0.2ms)[0m  [1m[35mDROP TABLE IF EXISTS "companis"[0m
  [1m[35m (0.1ms)[0m  [1m[34mSELECT sqlite_version(*)[0m
  [1m[35m (1.7ms)[0m  [1m[35mCREATE TABLE "companis" ("id" INTEGER PRIMARY KEY AUTOINCREMENT NOT NULL, "name" varchar NOT NULL, "memo" varchar, "address" varchar, "lat" float, "lng" float, "zoom" integer, "url1" varchar, "url2" varchar)[0m
  [1m[35m (0.3ms)[0m  [1m[35mDROP TABLE IF EXISTS "progresies"[0m
  [1m[35m (3.8ms)[0m  [1m[35mCREATE TABLE "progresies" ("id" INTEGER PRIMARY KEY AUTOINCREMENT NOT NULL, "com_id" integer NOT NULL, "type" integer NOT NULL, "name" varchar, "history_num" integer NOT NULL, "is_compleate" boolean NOT NULL)[0m
  [1m[35m (0.2ms)[0m  [1m[35mDROP TABLE IF EXISTS "progress_types"[0m
  [1m[35m (5.7ms)[0m  [1m[35mCREATE TABLE "progress_types" ("id" INTEGER PRIMARY KEY AUTOINCREMENT NOT NULL, "name" varchar NOT NULL)[0m
  [1m[35m (2.1ms)[0m  [1m[35mCREATE TABLE "schema_migrations" ("version" varchar NOT NULL PRIMARY KEY)[0m
  [1m[35m (0.2ms)[0m  [1m[34mSELECT "schema_migrations"."version" FROM "schema_migrations" ORDER BY "schema_migrations"."version" ASC[0m
  [1m[35m (1.8ms)[0m  [1m[32mINSERT INTO "schema_migrations" (version) VALUES (20171115081719)[0m
  [1m[35m (3.5ms)[0m  [1m[32mINSERT INTO "schema_migrations" (version) VALUES
(20171115075234),
(20171115080252);

[0m
  [1m[35m (2.2ms)[0m  [1m[35mCREATE TABLE "ar_internal_metadata" ("key" varchar NOT NULL PRIMARY KEY, "value" varchar, "created_at" datetime NOT NULL, "updated_at" datetime NOT NULL)[0m
  [1m[36mActiveRecord::InternalMetadata Load (0.4ms)[0m  [1m[34mSELECT  "ar_internal_metadata".* FROM "ar_internal_metadata" WHERE "ar_internal_metadata"."key" = ? LIMIT ?[0m  [["key", "environment"], ["LIMIT", 1]]
  [1m[35m (0.1ms)[0m  [1m[36mbegin transaction[0m
  [1m[35mSQL (0.6ms)[0m  [1m[32mINSERT INTO "ar_internal_metadata" ("key", "value", "created_at", "updated_at") VALUES (?, ?, ?, ?)[0m  [["key", "environment"], ["value", "development"], ["created_at", "2017-11-15 10:24:11.818003"], ["updated_at", "2017-11-15 10:24:11.818003"]]
  [1m[35m (2.9ms)[0m  [1m[36mcommit transaction[0m
  [1m[36mActiveRecord::InternalMetadata Load (0.2ms)[0m  [1m[34mSELECT  "ar_internal_metadata".* FROM "ar_internal_metadata" WHERE "ar_internal_metadata"."key" = ? LIMIT ?[0m  [["key", "environment"], ["LIMIT", 1]]
  [1m[35m (0.1ms)[0m  [1m[36mbegin transaction[0m
  [1m[35m (0.1ms)[0m  [1m[36mcommit transaction[0m
  [1m[35m (0.3ms)[0m  [1m[35mDROP TABLE IF EXISTS "companis"[0m
  [1m[35m (0.2ms)[0m  [1m[34mSELECT sqlite_version(*)[0m
  [1m[35m (6.3ms)[0m  [1m[35mCREATE TABLE "companis" ("id" INTEGER PRIMARY KEY AUTOINCREMENT NOT NULL, "name" varchar NOT NULL, "memo" varchar, "address" varchar, "lat" float, "lng" float, "zoom" integer, "url1" varchar, "url2" varchar)[0m
  [1m[35m (0.5ms)[0m  [1m[35mDROP TABLE IF EXISTS "progresies"[0m
  [1m[35m (3.4ms)[0m  [1m[35mCREATE TABLE "progresies" ("id" INTEGER PRIMARY KEY AUTOINCREMENT NOT NULL, "com_id" integer NOT NULL, "type" integer NOT NULL, "name" varchar, "history_num" integer NOT NULL, "is_compleate" boolean NOT NULL)[0m
  [1m[35m (0.2ms)[0m  [1m[35mDROP TABLE IF EXISTS "progress_types"[0m
  [1m[35m (2.0ms)[0m  [1m[35mCREATE TABLE "progress_types" ("id" INTEGER PRIMARY KEY AUTOINCREMENT NOT NULL, "name" varchar NOT NULL)[0m
  [1m[35m (2.5ms)[0m  [1m[35mCREATE TABLE "schema_migrations" ("version" varchar NOT NULL PRIMARY KEY)[0m
  [1m[35m (0.2ms)[0m  [1m[34mSELECT "schema_migrations"."version" FROM "schema_migrations" ORDER BY "schema_migrations"."version" ASC[0m
  [1m[35m (1.0ms)[0m  [1m[32mINSERT INTO "schema_migrations" (version) VALUES (20171115081719)[0m
  [1m[35m (1.3ms)[0m  [1m[32mINSERT INTO "schema_migrations" (version) VALUES
(20171115075234),
(20171115080252);

[0m
  [1m[35m (1.1ms)[0m  [1m[35mCREATE TABLE "ar_internal_metadata" ("key" varchar NOT NULL PRIMARY KEY, "value" varchar, "created_at" datetime NOT NULL, "updated_at" datetime NOT NULL)[0m
  [1m[36mActiveRecord::InternalMetadata Load (0.2ms)[0m  [1m[34mSELECT  "ar_internal_metadata".* FROM "ar_internal_metadata" WHERE "ar_internal_metadata"."key" = ? LIMIT ?[0m  [["key", "environment"], ["LIMIT", 1]]
  [1m[35m (0.0ms)[0m  [1m[36mbegin transaction[0m
  [1m[35mSQL (0.5ms)[0m  [1m[32mINSERT INTO "ar_internal_metadata" ("key", "value", "created_at", "updated_at") VALUES (?, ?, ?, ?)[0m  [["key", "environment"], ["value", "development"], ["created_at", "2017-11-15 10:24:11.863450"], ["updated_at", "2017-11-15 10:24:11.863450"]]
  [1m[35m (1.0ms)[0m  [1m[36mcommit transaction[0m
  [1m[36mActiveRecord::InternalMetadata Load (0.3ms)[0m  [1m[34mSELECT  "ar_internal_metadata".* FROM "ar_internal_metadata" WHERE "ar_internal_metadata"."key" = ? LIMIT ?[0m  [["key", "environment"], ["LIMIT", 1]]
  [1m[35m (0.1ms)[0m  [1m[36mbegin transaction[0m
  [1m[35m (0.1ms)[0m  [1m[36mcommit transaction[0m
  [1m[35m (0.3ms)[0m  [1m[34mSELECT "schema_migrations"."version" FROM "schema_migrations" ORDER BY "schema_migrations"."version" ASC[0m
  [1m[35m (0.1ms)[0m  [1m[34mSELECT sqlite_version(*)[0m
  [1m[35m (3.3ms)[0m  [1m[35mCREATE TABLE "schema_migrations" ("version" varchar NOT NULL PRIMARY KEY)[0m
  [1m[35m (1.7ms)[0m  [1m[35mCREATE TABLE "ar_internal_metadata" ("key" varchar NOT NULL PRIMARY KEY, "value" varchar, "created_at" datetime NOT NULL, "updated_at" datetime NOT NULL)[0m
  [1m[35m (0.1ms)[0m  [1m[34mSELECT "schema_migrations"."version" FROM "schema_migrations" ORDER BY "schema_migrations"."version" ASC[0m
  [1m[35m (0.1ms)[0m  [1m[34mSELECT "schema_migrations"."version" FROM "schema_migrations" ORDER BY "schema_migrations"."version" ASC[0m
Migrating to Company (20171115075234)
  [1m[35m (0.0ms)[0m  [1m[36mbegin transaction[0m
  [1m[35m (0.1ms)[0m  [1m[34mSELECT sqlite_version(*)[0m
  [1m[35m (0.5ms)[0m  [1m[35mCREATE TABLE "companies" ("id" INTEGER PRIMARY KEY AUTOINCREMENT NOT NULL, "name" varchar NOT NULL, "memo" varchar, "address" varchar, "lat" float, "lng" float, "zoom" integer, "url1" varchar, "url2" varchar)[0m
  [1m[35mSQL (0.2ms)[0m  [1m[32mINSERT INTO "schema_migrations" ("version") VALUES (?)[0m  [["version", "20171115075234"]]
  [1m[35m (2.4ms)[0m  [1m[36mcommit transaction[0m
Migrating to Progress (20171115080252)
  [1m[35m (0.1ms)[0m  [1m[36mbegin transaction[0m
  [1m[35m (0.6ms)[0m  [1m[35mCREATE TABLE "progresies" ("id" INTEGER PRIMARY KEY AUTOINCREMENT NOT NULL, "com_id" integer NOT NULL, "type" integer NOT NULL, "name" varchar, "history_num" integer NOT NULL, "is_compleate" boolean NOT NULL)[0m
  [1m[35mSQL (0.4ms)[0m  [1m[32mINSERT INTO "schema_migrations" ("version") VALUES (?)[0m  [["version", "20171115080252"]]
  [1m[35m (1.4ms)[0m  [1m[36mcommit transaction[0m
Migrating to ProgressType (20171115081719)
  [1m[35m (0.1ms)[0m  [1m[36mbegin transaction[0m
  [1m[35m (0.7ms)[0m  [1m[35mCREATE TABLE "progress_types" ("id" INTEGER PRIMARY KEY AUTOINCREMENT NOT NULL, "name" varchar NOT NULL)[0m
  [1m[35mSQL (0.3ms)[0m  [1m[32mINSERT INTO "schema_migrations" ("version") VALUES (?)[0m  [["version", "20171115081719"]]
  [1m[35m (1.2ms)[0m  [1m[36mcommit transaction[0m
  [1m[36mActiveRecord::InternalMetadata Load (0.3ms)[0m  [1m[34mSELECT  "ar_internal_metadata".* FROM "ar_internal_metadata" WHERE "ar_internal_metadata"."key" = ? LIMIT ?[0m  [["key", "environment"], ["LIMIT", 1]]
  [1m[35m (0.1ms)[0m  [1m[36mbegin transaction[0m
  [1m[35mSQL (0.5ms)[0m  [1m[32mINSERT INTO "ar_internal_metadata" ("key", "value", "created_at", "updated_at") VALUES (?, ?, ?, ?)[0m  [["key", "environment"], ["value", "development"], ["created_at", "2017-11-15 10:26:03.973029"], ["updated_at", "2017-11-15 10:26:03.973029"]]
  [1m[35m (0.8ms)[0m  [1m[36mcommit transaction[0m
  [1m[35m (0.4ms)[0m  [1m[34mSELECT "schema_migrations"."version" FROM "schema_migrations" ORDER BY "schema_migrations"."version" ASC[0m
  [1m[35m (0.2ms)[0m  [1m[34mSELECT "schema_migrations"."version" FROM "schema_migrations" ORDER BY "schema_migrations"."version" ASC[0m
  [1m[35m (0.0ms)[0m  [1m[36mbegin transaction[0m
  [1m[35mSQL (0.4ms)[0m  [1m[32mINSERT INTO "companies" ("id", "name", "memo", "address", "lat", "lng", "zoom", "url1", "url2") VALUES (?, ?, ?, ?, ?, ?, ?, ?, ?)[0m  [["id", 0], ["name", "株式会社リブセンス"], ["memo", "ほげほげ"], ["address", "〒141-0021 東京都品川区上大崎２丁目２５−２ 新目黒東急ビル"], ["lat", 0.0], ["lng", 0.0], ["zoom", 19], ["url1", "http://www.livesense.co.jp/"], ["url2", ""]]
  [1m[35m (1.1ms)[0m  [1m[36mcommit transaction[0m
  [1m[35m (0.1ms)[0m  [1m[34mSELECT sqlite_version(*)[0m
  [1m[35m (3.1ms)[0m  [1m[35mCREATE TABLE "schema_migrations" ("version" varchar NOT NULL PRIMARY KEY)[0m
  [1m[35m (5.5ms)[0m  [1m[35mCREATE TABLE "ar_internal_metadata" ("key" varchar NOT NULL PRIMARY KEY, "value" varchar, "created_at" datetime NOT NULL, "updated_at" datetime NOT NULL)[0m
  [1m[35m (0.1ms)[0m  [1m[34mSELECT "schema_migrations"."version" FROM "schema_migrations" ORDER BY "schema_migrations"."version" ASC[0m
Migrating to Company (20171115075234)
  [1m[35m (0.2ms)[0m  [1m[36mbegin transaction[0m
  [1m[35m (0.7ms)[0m  [1m[35mCREATE TABLE "companies" ("id" INTEGER PRIMARY KEY AUTOINCREMENT NOT NULL, "name" varchar NOT NULL, "memo" varchar, "address" varchar, "lat" float, "lng" float, "zoom" integer, "url1" varchar, "url2" varchar)[0m
  [1m[35mSQL (0.2ms)[0m  [1m[32mINSERT INTO "schema_migrations" ("version") VALUES (?)[0m  [["version", "20171115075234"]]
  [1m[35m (1.3ms)[0m  [1m[36mcommit transaction[0m
Migrating to Progress (20171115080252)
  [1m[35m (0.1ms)[0m  [1m[36mbegin transaction[0m
  [1m[35m (0.7ms)[0m  [1m[35mCREATE TABLE "progresses" ("id" INTEGER PRIMARY KEY AUTOINCREMENT NOT NULL, "com_id" integer NOT NULL, "type" integer NOT NULL, "name" varchar, "history_num" integer NOT NULL, "is_compleate" boolean NOT NULL)[0m
  [1m[35mSQL (0.3ms)[0m  [1m[32mINSERT INTO "schema_migrations" ("version") VALUES (?)[0m  [["version", "20171115080252"]]
  [1m[35m (1.4ms)[0m  [1m[36mcommit transaction[0m
Migrating to ProgressType (20171115081719)
  [1m[35m (0.2ms)[0m  [1m[36mbegin transaction[0m
  [1m[35m (1.0ms)[0m  [1m[35mCREATE TABLE "progress_types" ("id" INTEGER PRIMARY KEY AUTOINCREMENT NOT NULL, "name" varchar NOT NULL)[0m
  [1m[35mSQL (0.2ms)[0m  [1m[32mINSERT INTO "schema_migrations" ("version") VALUES (?)[0m  [["version", "20171115081719"]]
  [1m[35m (1.0ms)[0m  [1m[36mcommit transaction[0m
  [1m[36mActiveRecord::InternalMetadata Load (0.1ms)[0m  [1m[34mSELECT  "ar_internal_metadata".* FROM "ar_internal_metadata" WHERE "ar_internal_metadata"."key" = ? LIMIT ?[0m  [["key", "environment"], ["LIMIT", 1]]
  [1m[35m (0.3ms)[0m  [1m[36mbegin transaction[0m
  [1m[35mSQL (0.7ms)[0m  [1m[32mINSERT INTO "ar_internal_metadata" ("key", "value", "created_at", "updated_at") VALUES (?, ?, ?, ?)[0m  [["key", "environment"], ["value", "development"], ["created_at", "2017-11-15 10:27:34.930232"], ["updated_at", "2017-11-15 10:27:34.930232"]]
  [1m[35m (0.9ms)[0m  [1m[36mcommit transaction[0m
  [1m[35m (0.2ms)[0m  [1m[34mSELECT "schema_migrations"."version" FROM "schema_migrations" ORDER BY "schema_migrations"."version" ASC[0m
  [1m[35m (0.2ms)[0m  [1m[34mSELECT "schema_migrations"."version" FROM "schema_migrations" ORDER BY "schema_migrations"."version" ASC[0m
  [1m[35m (0.1ms)[0m  [1m[36mbegin transaction[0m
  [1m[35mSQL (0.5ms)[0m  [1m[32mINSERT INTO "companies" ("id", "name", "memo", "address", "lat", "lng", "zoom", "url1", "url2") VALUES (?, ?, ?, ?, ?, ?, ?, ?, ?)[0m  [["id", 0], ["name", "株式会社リブセンス"], ["memo", "ほげほげ"], ["address", "〒141-0021 東京都品川区上大崎２丁目２５−２ 新目黒東急ビル"], ["lat", 0.0], ["lng", 0.0], ["zoom", 19], ["url1", "http://www.livesense.co.jp/"], ["url2", ""]]
  [1m[35m (2.3ms)[0m  [1m[36mcommit transaction[0m
Started GET "/tweets/index" for 127.0.0.1 at 2017-11-15 20:18:00 +0900
  [1m[35m (0.9ms)[0m  [1m[34mSELECT "schema_migrations"."version" FROM "schema_migrations" ORDER BY "schema_migrations"."version" ASC[0m
  
ActionController::RoutingError (No route matches [GET] "/tweets/index"):
  
actionpack (5.1.4) lib/action_dispatch/middleware/debug_exceptions.rb:63:in `call'
web-console (3.5.1) lib/web_console/middleware.rb:135:in `call_app'
web-console (3.5.1) lib/web_console/middleware.rb:28:in `block in call'
web-console (3.5.1) lib/web_console/middleware.rb:18:in `catch'
web-console (3.5.1) lib/web_console/middleware.rb:18:in `call'
actionpack (5.1.4) lib/action_dispatch/middleware/show_exceptions.rb:31:in `call'
railties (5.1.4) lib/rails/rack/logger.rb:36:in `call_app'
railties (5.1.4) lib/rails/rack/logger.rb:24:in `block in call'
activesupport (5.1.4) lib/active_support/tagged_logging.rb:69:in `block in tagged'
activesupport (5.1.4) lib/active_support/tagged_logging.rb:26:in `tagged'
activesupport (5.1.4) lib/active_support/tagged_logging.rb:69:in `tagged'
railties (5.1.4) lib/rails/rack/logger.rb:24:in `call'
sprockets-rails (3.2.1) lib/sprockets/rails/quiet_assets.rb:13:in `call'
actionpack (5.1.4) lib/action_dispatch/middleware/remote_ip.rb:79:in `call'
actionpack (5.1.4) lib/action_dispatch/middleware/request_id.rb:25:in `call'
rack (2.0.3) lib/rack/method_override.rb:22:in `call'
rack (2.0.3) lib/rack/runtime.rb:22:in `call'
activesupport (5.1.4) lib/active_support/cache/strategy/local_cache_middleware.rb:27:in `call'
actionpack (5.1.4) lib/action_dispatch/middleware/executor.rb:12:in `call'
actionpack (5.1.4) lib/action_dispatch/middleware/static.rb:125:in `call'
rack (2.0.3) lib/rack/sendfile.rb:111:in `call'
railties (5.1.4) lib/rails/engine.rb:522:in `call'
puma (3.10.0) lib/puma/configuration.rb:225:in `call'
puma (3.10.0) lib/puma/server.rb:605:in `handle_request'
puma (3.10.0) lib/puma/server.rb:437:in `process_client'
puma (3.10.0) lib/puma/server.rb:301:in `block in run'
puma (3.10.0) lib/puma/thread_pool.rb:120:in `block in spawn_thread'
Started GET "/user/index" for 127.0.0.1 at 2017-11-16 11:09:48 +0900
Processing by UserController#index as HTML
Completed 500 Internal Server Error in 15ms


  
ArgumentError (wrong number of arguments (given 0, expected 1+)):
  
app/controllers/user_controller.rb:7:in `index'
Started GET "/user/index" for 127.0.0.1 at 2017-11-16 11:11:09 +0900
Processing by UserController#index as HTML
Completed 500 Internal Server Error in 5ms


  
ArgumentError (Unsupported argument type: 0...1 (Range)):
  
app/controllers/user_controller.rb:7:in `index'
Started GET "/user/index" for 127.0.0.1 at 2017-11-16 11:11:12 +0900
Processing by UserController#index as HTML
Completed 500 Internal Server Error in 1ms


  
ArgumentError (Unsupported argument type: 0...1 (Range)):
  
app/controllers/user_controller.rb:7:in `index'
Started GET "/user/index" for 127.0.0.1 at 2017-11-16 11:11:17 +0900
Processing by UserController#index as HTML
Completed 500 Internal Server Error in 3ms


  
ArgumentError (Unsupported argument type: 0..1 (Range)):
  
app/controllers/user_controller.rb:7:in `index'
Started GET "/user/index" for 127.0.0.1 at 2017-11-16 11:11:22 +0900
Processing by UserController#index as HTML
Completed 500 Internal Server Error in 4ms


  
ArgumentError (Unsupported argument type: 0 (Fixnum)):
  
app/controllers/user_controller.rb:7:in `index'
Started GET "/user/index" for 127.0.0.1 at 2017-11-16 11:11:24 +0900
Processing by UserController#index as HTML
Completed 500 Internal Server Error in 2ms


  
ArgumentError (Unsupported argument type: 0 (Fixnum)):
  
app/controllers/user_controller.rb:7:in `index'
Started GET "/user/index" for 127.0.0.1 at 2017-11-16 11:13:21 +0900
Processing by UserController#index as HTML
  [1m[36mCompany Load (0.4ms)[0m  [1m[34mSELECT "companies".* FROM "companies" WHERE (id = not NULL)[0m
Completed 500 Internal Server Error in 12ms (ActiveRecord: 1.4ms)


  
NoMethodError (undefined method `com_id' for nil:NilClass):
  
app/controllers/user_controller.rb:15:in `block (2 levels) in index'
app/controllers/user_controller.rb:14:in `block in index'
app/controllers/user_controller.rb:10:in `index'
Started GET "/user/index" for 127.0.0.1 at 2017-11-16 11:16:47 +0900
Processing by UserController#index as HTML
  [1m[36mCompany Load (0.4ms)[0m  [1m[34mSELECT "companies".* FROM "companies" WHERE (id = not NULL)[0m
Completed 500 Internal Server Error in 3ms (ActiveRecord: 0.4ms)


  
NoMethodError (undefined method `com_id' for nil:NilClass):
  
app/controllers/user_controller.rb:15:in `block (2 levels) in index'
app/controllers/user_controller.rb:14:in `block in index'
app/controllers/user_controller.rb:10:in `index'
Started GET "/user/index" for 127.0.0.1 at 2017-11-16 11:16:49 +0900
Processing by UserController#index as HTML
  [1m[36mCompany Load (0.2ms)[0m  [1m[34mSELECT "companies".* FROM "companies" WHERE (id = not NULL)[0m
Completed 500 Internal Server Error in 3ms (ActiveRecord: 0.2ms)


  
NoMethodError (undefined method `com_id' for nil:NilClass):
  
app/controllers/user_controller.rb:15:in `block (2 levels) in index'
app/controllers/user_controller.rb:14:in `block in index'
app/controllers/user_controller.rb:10:in `index'
Started GET "/user/index" for 127.0.0.1 at 2017-11-16 11:16:51 +0900
Processing by UserController#index as HTML
  [1m[36mCompany Load (0.3ms)[0m  [1m[34mSELECT "companies".* FROM "companies" WHERE (id = not NULL)[0m
Completed 500 Internal Server Error in 3ms (ActiveRecord: 0.3ms)


  
NoMethodError (undefined method `com_id' for nil:NilClass):
  
app/controllers/user_controller.rb:15:in `block (2 levels) in index'
app/controllers/user_controller.rb:14:in `block in index'
app/controllers/user_controller.rb:10:in `index'
Started GET "/user/index" for 127.0.0.1 at 2017-11-16 11:16:52 +0900
Processing by UserController#index as HTML
  [1m[36mCompany Load (0.2ms)[0m  [1m[34mSELECT "companies".* FROM "companies" WHERE (id = not NULL)[0m
Completed 500 Internal Server Error in 3ms (ActiveRecord: 0.2ms)


  
NoMethodError (undefined method `com_id' for nil:NilClass):
  
app/controllers/user_controller.rb:15:in `block (2 levels) in index'
app/controllers/user_controller.rb:14:in `block in index'
app/controllers/user_controller.rb:10:in `index'
Started GET "/user/index" for 127.0.0.1 at 2017-11-16 11:16:56 +0900
Processing by UserController#index as HTML
  [1m[36mCompany Load (0.2ms)[0m  [1m[34mSELECT "companies".* FROM "companies" WHERE (id = not NULL)[0m
Completed 500 Internal Server Error in 3ms (ActiveRecord: 0.2ms)


  
NoMethodError (undefined method `com_id' for nil:NilClass):
  
app/controllers/user_controller.rb:15:in `block (2 levels) in index'
app/controllers/user_controller.rb:14:in `block in index'
app/controllers/user_controller.rb:10:in `index'
Started GET "/user/index" for 127.0.0.1 at 2017-11-16 11:18:13 +0900
Processing by UserController#index as HTML
  [1m[36mCompany Load (0.2ms)[0m  [1m[34mSELECT "companies".* FROM "companies" WHERE (id = not NULL)[0m
Completed 500 Internal Server Error in 8ms (ActiveRecord: 0.7ms)


  
NoMethodError (undefined method `id' for nil:NilClass):
  
app/controllers/user_controller.rb:15:in `block (2 levels) in index'
app/controllers/user_controller.rb:14:in `block in index'
app/controllers/user_controller.rb:10:in `index'
Started GET "/user/index" for 127.0.0.1 at 2017-11-16 11:18:16 +0900
Processing by UserController#index as HTML
  [1m[36mCompany Load (0.2ms)[0m  [1m[34mSELECT "companies".* FROM "companies" WHERE (id = not NULL)[0m
Completed 500 Internal Server Error in 2ms (ActiveRecord: 0.2ms)


  
NoMethodError (undefined method `id' for nil:NilClass):
  
app/controllers/user_controller.rb:15:in `block (2 levels) in index'
app/controllers/user_controller.rb:14:in `block in index'
app/controllers/user_controller.rb:10:in `index'
Started GET "/user/index" for 127.0.0.1 at 2017-11-16 11:18:18 +0900
Processing by UserController#index as HTML
  [1m[36mCompany Load (0.2ms)[0m  [1m[34mSELECT "companies".* FROM "companies" WHERE (id = not NULL)[0m
Completed 500 Internal Server Error in 3ms (ActiveRecord: 0.2ms)


  
NoMethodError (undefined method `id' for nil:NilClass):
  
app/controllers/user_controller.rb:15:in `block (2 levels) in index'
app/controllers/user_controller.rb:14:in `block in index'
app/controllers/user_controller.rb:10:in `index'
Started GET "/" for 127.0.0.1 at 2017-11-19 13:15:07 +0900
  [1m[35m (0.5ms)[0m  [1m[34mSELECT "schema_migrations"."version" FROM "schema_migrations" ORDER BY "schema_migrations"."version" ASC[0m
Processing by Rails::WelcomeController#index as HTML
  Rendering /Library/Ruby/Gems/2.3.0/gems/railties-5.1.4/lib/rails/templates/rails/welcome/index.html.erb
  Rendered /Library/Ruby/Gems/2.3.0/gems/railties-5.1.4/lib/rails/templates/rails/welcome/index.html.erb (3.4ms)
Completed 200 OK in 32ms (Views: 8.5ms | ActiveRecord: 0.0ms)


Started GET "/" for 127.0.0.1 at 2017-11-19 13:16:21 +0900
Started GET "/" for 127.0.0.1 at 2017-11-19 13:16:31 +0900
Processing by Rails::WelcomeController#index as HTML
  Rendering /Library/Ruby/Gems/2.3.0/gems/railties-5.1.4/lib/rails/templates/rails/welcome/index.html.erb
  Rendered /Library/Ruby/Gems/2.3.0/gems/railties-5.1.4/lib/rails/templates/rails/welcome/index.html.erb (3.0ms)
Completed 200 OK in 8ms (Views: 5.4ms)


Processing by Rails::WelcomeController#index as HTML
Started GET "/users" for 127.0.0.1 at 2017-11-19 13:16:31 +0900
  Rendering /Library/Ruby/Gems/2.3.0/gems/railties-5.1.4/lib/rails/templates/rails/welcome/index.html.erb
  
  Rendered /Library/Ruby/Gems/2.3.0/gems/railties-5.1.4/lib/rails/templates/rails/welcome/index.html.erb (3.1ms)
ActionController::RoutingError (No route matches [GET] "/users"):
Completed 200 OK in 10ms (Views: 7.0ms)


  
actionpack (5.1.4) lib/action_dispatch/middleware/debug_exceptions.rb:63:in `call'
web-console (3.5.1) lib/web_console/middleware.rb:135:in `call_app'
web-console (3.5.1) lib/web_console/middleware.rb:28:in `block in call'
web-console (3.5.1) lib/web_console/middleware.rb:18:in `catch'
web-console (3.5.1) lib/web_console/middleware.rb:18:in `call'
actionpack (5.1.4) lib/action_dispatch/middleware/show_exceptions.rb:31:in `call'
railties (5.1.4) lib/rails/rack/logger.rb:36:in `call_app'
railties (5.1.4) lib/rails/rack/logger.rb:24:in `block in call'
activesupport (5.1.4) lib/active_support/tagged_logging.rb:69:in `block in tagged'
activesupport (5.1.4) lib/active_support/tagged_logging.rb:26:in `tagged'
activesupport (5.1.4) lib/active_support/tagged_logging.rb:69:in `tagged'
railties (5.1.4) lib/rails/rack/logger.rb:24:in `call'
sprockets-rails (3.2.1) lib/sprockets/rails/quiet_assets.rb:13:in `call'
actionpack (5.1.4) lib/action_dispatch/middleware/remote_ip.rb:79:in `call'
actionpack (5.1.4) lib/action_dispatch/middleware/request_id.rb:25:in `call'
rack (2.0.3) lib/rack/method_override.rb:22:in `call'
rack (2.0.3) lib/rack/runtime.rb:22:in `call'
activesupport (5.1.4) lib/active_support/cache/strategy/local_cache_middleware.rb:27:in `call'
actionpack (5.1.4) lib/action_dispatch/middleware/executor.rb:12:in `call'
actionpack (5.1.4) lib/action_dispatch/middleware/static.rb:125:in `call'
rack (2.0.3) lib/rack/sendfile.rb:111:in `call'
railties (5.1.4) lib/rails/engine.rb:522:in `call'
puma (3.10.0) lib/puma/configuration.rb:225:in `call'
puma (3.10.0) lib/puma/server.rb:605:in `handle_request'
puma (3.10.0) lib/puma/server.rb:437:in `process_client'
puma (3.10.0) lib/puma/server.rb:301:in `block in run'
puma (3.10.0) lib/puma/thread_pool.rb:120:in `block in spawn_thread'
Started GET "/users" for 127.0.0.1 at 2017-11-19 13:16:40 +0900
  
ActionController::RoutingError (No route matches [GET] "/users"):
  
actionpack (5.1.4) lib/action_dispatch/middleware/debug_exceptions.rb:63:in `call'
web-console (3.5.1) lib/web_console/middleware.rb:135:in `call_app'
web-console (3.5.1) lib/web_console/middleware.rb:28:in `block in call'
web-console (3.5.1) lib/web_console/middleware.rb:18:in `catch'
web-console (3.5.1) lib/web_console/middleware.rb:18:in `call'
actionpack (5.1.4) lib/action_dispatch/middleware/show_exceptions.rb:31:in `call'
railties (5.1.4) lib/rails/rack/logger.rb:36:in `call_app'
railties (5.1.4) lib/rails/rack/logger.rb:24:in `block in call'
activesupport (5.1.4) lib/active_support/tagged_logging.rb:69:in `block in tagged'
activesupport (5.1.4) lib/active_support/tagged_logging.rb:26:in `tagged'
activesupport (5.1.4) lib/active_support/tagged_logging.rb:69:in `tagged'
railties (5.1.4) lib/rails/rack/logger.rb:24:in `call'
sprockets-rails (3.2.1) lib/sprockets/rails/quiet_assets.rb:13:in `call'
actionpack (5.1.4) lib/action_dispatch/middleware/remote_ip.rb:79:in `call'
actionpack (5.1.4) lib/action_dispatch/middleware/request_id.rb:25:in `call'
rack (2.0.3) lib/rack/method_override.rb:22:in `call'
rack (2.0.3) lib/rack/runtime.rb:22:in `call'
activesupport (5.1.4) lib/active_support/cache/strategy/local_cache_middleware.rb:27:in `call'
actionpack (5.1.4) lib/action_dispatch/middleware/executor.rb:12:in `call'
actionpack (5.1.4) lib/action_dispatch/middleware/static.rb:125:in `call'
rack (2.0.3) lib/rack/sendfile.rb:111:in `call'
railties (5.1.4) lib/rails/engine.rb:522:in `call'
puma (3.10.0) lib/puma/configuration.rb:225:in `call'
puma (3.10.0) lib/puma/server.rb:605:in `handle_request'
puma (3.10.0) lib/puma/server.rb:437:in `process_client'
puma (3.10.0) lib/puma/server.rb:301:in `block in run'
puma (3.10.0) lib/puma/thread_pool.rb:120:in `block in spawn_thread'
Started GET "/" for 127.0.0.1 at 2017-11-19 13:16:41 +0900
Processing by Rails::WelcomeController#index as HTML
  Rendering /Library/Ruby/Gems/2.3.0/gems/railties-5.1.4/lib/rails/templates/rails/welcome/index.html.erb
  Rendered /Library/Ruby/Gems/2.3.0/gems/railties-5.1.4/lib/rails/templates/rails/welcome/index.html.erb (2.5ms)
Completed 200 OK in 7ms (Views: 4.5ms)


Started GET "/index" for 127.0.0.1 at 2017-11-19 13:16:42 +0900
  
ActionController::RoutingError (No route matches [GET] "/index"):
  
actionpack (5.1.4) lib/action_dispatch/middleware/debug_exceptions.rb:63:in `call'
web-console (3.5.1) lib/web_console/middleware.rb:135:in `call_app'
web-console (3.5.1) lib/web_console/middleware.rb:28:in `block in call'
web-console (3.5.1) lib/web_console/middleware.rb:18:in `catch'
web-console (3.5.1) lib/web_console/middleware.rb:18:in `call'
actionpack (5.1.4) lib/action_dispatch/middleware/show_exceptions.rb:31:in `call'
railties (5.1.4) lib/rails/rack/logger.rb:36:in `call_app'
railties (5.1.4) lib/rails/rack/logger.rb:24:in `block in call'
activesupport (5.1.4) lib/active_support/tagged_logging.rb:69:in `block in tagged'
activesupport (5.1.4) lib/active_support/tagged_logging.rb:26:in `tagged'
activesupport (5.1.4) lib/active_support/tagged_logging.rb:69:in `tagged'
railties (5.1.4) lib/rails/rack/logger.rb:24:in `call'
sprockets-rails (3.2.1) lib/sprockets/rails/quiet_assets.rb:13:in `call'
actionpack (5.1.4) lib/action_dispatch/middleware/remote_ip.rb:79:in `call'
actionpack (5.1.4) lib/action_dispatch/middleware/request_id.rb:25:in `call'
rack (2.0.3) lib/rack/method_override.rb:22:in `call'
rack (2.0.3) lib/rack/runtime.rb:22:in `call'
activesupport (5.1.4) lib/active_support/cache/strategy/local_cache_middleware.rb:27:in `call'
actionpack (5.1.4) lib/action_dispatch/middleware/executor.rb:12:in `call'
actionpack (5.1.4) lib/action_dispatch/middleware/static.rb:125:in `call'
rack (2.0.3) lib/rack/sendfile.rb:111:in `call'
railties (5.1.4) lib/rails/engine.rb:522:in `call'
puma (3.10.0) lib/puma/configuration.rb:225:in `call'
puma (3.10.0) lib/puma/server.rb:605:in `handle_request'
puma (3.10.0) lib/puma/server.rb:437:in `process_client'
puma (3.10.0) lib/puma/server.rb:301:in `block in run'
puma (3.10.0) lib/puma/thread_pool.rb:120:in `block in spawn_thread'
Started GET "/user/index" for 127.0.0.1 at 2017-11-19 13:16:54 +0900
Processing by UserController#index as HTML
  [1m[36mCompany Load (0.3ms)[0m  [1m[34mSELECT "companies".* FROM "companies" WHERE (id = not NULL)[0m
Completed 500 Internal Server Error in 6ms (ActiveRecord: 0.8ms)


  
NoMethodError (undefined method `id' for nil:NilClass):
  
app/controllers/user_controller.rb:16:in `block (2 levels) in index'
app/controllers/user_controller.rb:15:in `block in index'
app/controllers/user_controller.rb:10:in `index'
Started GET "/user/index" for 127.0.0.1 at 2017-11-19 13:21:33 +0900
Processing by UserController#index as HTML
  [1m[36mCompany Load (0.1ms)[0m  [1m[34mSELECT "companies".* FROM "companies" WHERE (id = not NULL)[0m
Completed 500 Internal Server Error in 8ms (ActiveRecord: 0.6ms)


  
NoMethodError (undefined method `id' for nil:NilClass):
  
app/controllers/user_controller.rb:21:in `block in index'
app/controllers/user_controller.rb:10:in `index'
Started GET "/user/index" for 127.0.0.1 at 2017-11-19 13:22:35 +0900
Processing by UserController#index as HTML
  [1m[36mCompany Load (0.1ms)[0m  [1m[34mSELECT "companies".* FROM "companies" WHERE (id = not NULL)[0m
  [1m[36mProgress Load (0.6ms)[0m  [1m[34mSELECT  "progresses".* FROM "progresses" WHERE "progresses"."com_id" = ? LIMIT ?[0m  [["com_id", 0], ["LIMIT", 1]]
  Rendering user/index.html.erb within layouts/application
  Rendered user/index.html.erb within layouts/application (200.9ms)
Completed 500 Internal Server Error in 222ms (ActiveRecord: 1.4ms)


  
ActionView::Template::Error (undefined local variable or method `coms' for #<#<Class:0x007ffd24b25cb8>:0x007ffd26685710>
Did you mean?  @coms
               @com):
    6:   企業ごとの進捗を確認します。
    7: </p>
    8: 
    9: <%= coms[0].name %>
  
app/views/user/index.html.erb:9:in `_app_views_user_index_html_erb___3405473577440573618_70362609563920'
Started GET "/user/index" for 127.0.0.1 at 2017-11-19 13:24:43 +0900
Processing by UserController#index as HTML
  [1m[36mCompany Load (0.3ms)[0m  [1m[34mSELECT "companies".* FROM "companies" WHERE (id = not NULL)[0m
  [1m[36mProgress Load (0.2ms)[0m  [1m[34mSELECT  "progresses".* FROM "progresses" WHERE "progresses"."com_id" = ? LIMIT ?[0m  [["com_id", 0], ["LIMIT", 1]]
  Rendering user/index.html.erb within layouts/application
  Rendered user/index.html.erb within layouts/application (11.9ms)
Completed 500 Internal Server Error in 26ms (ActiveRecord: 0.6ms)


  
ActionView::Template::Error (undefined method `name' for nil:NilClass):
    6:   企業ごとの進捗を確認します。
    7: </p>
    8: 
    9: <%= @coms[0].name %>
  
app/views/user/index.html.erb:9:in `_app_views_user_index_html_erb___3405473577440573618_70362646826000'
Started GET "/user/index" for 127.0.0.1 at 2017-11-19 13:28:21 +0900
Processing by UserController#index as HTML
  [1m[36mCompany Load (0.1ms)[0m  [1m[34mSELECT "companies".* FROM "companies" WHERE (id = not NULL)[0m
  [1m[36mProgress Load (0.1ms)[0m  [1m[34mSELECT  "progresses".* FROM "progresses" WHERE "progresses"."com_id" = ? LIMIT ?[0m  [["com_id", 0], ["LIMIT", 1]]
Completed 500 Internal Server Error in 9ms (ActiveRecord: 1.1ms)


  
NoMethodError (undefined method `name' for nil:NilClass):
  
app/controllers/user_controller.rb:26:in `index'
Started GET "/user/index" for 127.0.0.1 at 2017-11-19 13:28:40 +0900
Processing by UserController#index as HTML
  [1m[36mCompany Load (0.1ms)[0m  [1m[34mSELECT "companies".* FROM "companies" WHERE (id = not NULL)[0m
  [1m[36mProgress Load (0.1ms)[0m  [1m[34mSELECT  "progresses".* FROM "progresses" WHERE "progresses"."com_id" = ? LIMIT ?[0m  [["com_id", 0], ["LIMIT", 1]]
  Rendering user/index.html.erb within layouts/application
  Rendered user/index.html.erb within layouts/application (0.5ms)
Completed 200 OK in 254ms (Views: 243.8ms | ActiveRecord: 1.1ms)


Started GET "/user/index" for 127.0.0.1 at 2017-11-19 13:29:07 +0900
Processing by UserController#index as HTML
  [1m[36mCompany Load (0.2ms)[0m  [1m[34mSELECT "companies".* FROM "companies" WHERE (id = NULL)[0m
  [1m[36mProgress Load (0.1ms)[0m  [1m[34mSELECT  "progresses".* FROM "progresses" WHERE "progresses"."com_id" = ? LIMIT ?[0m  [["com_id", 0], ["LIMIT", 1]]
  Rendering user/index.html.erb within layouts/application
  Rendered user/index.html.erb within layouts/application (0.6ms)
Completed 200 OK in 27ms (Views: 18.2ms | ActiveRecord: 1.1ms)


Started GET "/user/index" for 127.0.0.1 at 2017-11-19 13:29:12 +0900
Processing by UserController#index as HTML
  [1m[36mCompany Load (1.7ms)[0m  [1m[34mSELECT "companies".* FROM "companies"[0m
  [1m[36mProgress Load (0.2ms)[0m  [1m[34mSELECT  "progresses".* FROM "progresses" WHERE "progresses"."com_id" = ? LIMIT ?[0m  [["com_id", 0], ["LIMIT", 1]]
  [1m[36mCACHE Progress Load (0.0ms)[0m  [1m[34mSELECT  "progresses".* FROM "progresses" WHERE "progresses"."com_id" = ? LIMIT ?[0m  [["com_id", 0], ["LIMIT", 1]]
  Rendering user/index.html.erb within layouts/application
  Rendered user/index.html.erb within layouts/application (0.5ms)
Completed 200 OK in 68ms (Views: 20.6ms | ActiveRecord: 3.1ms)


Started GET "/user/index" for 127.0.0.1 at 2017-11-19 13:29:26 +0900
Processing by UserController#index as HTML
  [1m[36mCompany Load (0.2ms)[0m  [1m[34mSELECT "companies".* FROM "companies"[0m
  [1m[36mProgress Load (0.1ms)[0m  [1m[34mSELECT  "progresses".* FROM "progresses" WHERE "progresses"."com_id" = ? LIMIT ?[0m  [["com_id", 0], ["LIMIT", 1]]
  [1m[36mCACHE Progress Load (0.0ms)[0m  [1m[34mSELECT  "progresses".* FROM "progresses" WHERE "progresses"."com_id" = ? LIMIT ?[0m  [["com_id", 0], ["LIMIT", 1]]
  Rendering user/index.html.erb within layouts/application
  Rendered user/index.html.erb within layouts/application (0.4ms)
Completed 200 OK in 28ms (Views: 23.4ms | ActiveRecord: 0.3ms)


Started GET "/user/index" for 127.0.0.1 at 2017-11-19 13:29:29 +0900
Processing by UserController#index as HTML
  [1m[36mCompany Load (0.2ms)[0m  [1m[34mSELECT "companies".* FROM "companies"[0m
  [1m[36mProgress Load (0.2ms)[0m  [1m[34mSELECT  "progresses".* FROM "progresses" WHERE "progresses"."com_id" = ? LIMIT ?[0m  [["com_id", 0], ["LIMIT", 1]]
  [1m[36mCACHE Progress Load (0.0ms)[0m  [1m[34mSELECT  "progresses".* FROM "progresses" WHERE "progresses"."com_id" = ? LIMIT ?[0m  [["com_id", 0], ["LIMIT", 1]]
  Rendering user/index.html.erb within layouts/application
  Rendered user/index.html.erb within layouts/application (0.6ms)
Completed 200 OK in 44ms (Views: 24.6ms | ActiveRecord: 1.6ms)


Started GET "/user/index" for 127.0.0.1 at 2017-11-19 13:32:38 +0900
Processing by UserController#index as HTML
  [1m[36mCompany Load (0.1ms)[0m  [1m[34mSELECT "companies".* FROM "companies"[0m
  [1m[36mProgress Load (0.3ms)[0m  [1m[34mSELECT  "progresses".* FROM "progresses" WHERE "progresses"."com_id" = ? LIMIT ?[0m  [["com_id", 0], ["LIMIT", 1]]
Completed 500 Internal Server Error in 22ms (ActiveRecord: 1.9ms)


  
NoMethodError (undefined method `id' for nil:NilClass):
  
app/controllers/user_controller.rb:21:in `block in index'
app/controllers/user_controller.rb:10:in `index'
Started GET "/user/index" for 127.0.0.1 at 2017-11-19 13:33:17 +0900
  
SyntaxError (/Users/mayagalaxy/Documents/MyProject/csc/jobp/app/controllers/user_controller.rb:10: syntax error, unexpected tUMINUS_NUM, expecting keyword_do_cond or ';' or '\n'
    for i in 0..@coms.length -1
                              ^
/Users/mayagalaxy/Documents/MyProject/csc/jobp/app/controllers/user_controller.rb:32: syntax error, unexpected keyword_end, expecting end-of-input):
  
app/controllers/user_controller.rb:10: syntax error, unexpected tUMINUS_NUM, expecting keyword_do_cond or ';' or '\n'
app/controllers/user_controller.rb:32: syntax error, unexpected keyword_end, expecting end-of-input
Started GET "/user/index" for 127.0.0.1 at 2017-11-19 13:33:30 +0900
Processing by UserController#index as HTML
  [1m[36mCompany Load (0.1ms)[0m  [1m[34mSELECT "companies".* FROM "companies"[0m
  [1m[36mProgress Load (0.2ms)[0m  [1m[34mSELECT  "progresses".* FROM "progresses" WHERE "progresses"."com_id" = ? LIMIT ?[0m  [["com_id", 0], ["LIMIT", 1]]
Completed 500 Internal Server Error in 19ms (ActiveRecord: 1.5ms)


  
NoMethodError (undefined method `id' for nil:NilClass):
  
app/controllers/user_controller.rb:21:in `block in index'
app/controllers/user_controller.rb:10:in `index'
Started GET "/user/index" for 127.0.0.1 at 2017-11-19 13:36:13 +0900
Processing by UserController#index as HTML
  [1m[36mCompany Load (0.1ms)[0m  [1m[34mSELECT "companies".* FROM "companies"[0m
  [1m[36mProgress Load (0.1ms)[0m  [1m[34mSELECT  "progresses".* FROM "progresses" WHERE "progresses"."com_id" = ? LIMIT ?[0m  [["com_id", 0], ["LIMIT", 1]]
Completed 500 Internal Server Error in 17ms (ActiveRecord: 1.8ms)


  
NoMethodError (undefined method `id' for nil:NilClass):
  
app/controllers/user_controller.rb:22:in `block in index'
app/controllers/user_controller.rb:10:in `index'
Started GET "/user/index" for 127.0.0.1 at 2017-11-19 13:39:15 +0900
Processing by UserController#index as HTML
  [1m[36mCompany Load (0.2ms)[0m  [1m[34mSELECT "companies".* FROM "companies"[0m
Completed 500 Internal Server Error in 15ms (ActiveRecord: 1.3ms)


  
TypeError (no implicit conversion of Fixnum into String):
  
app/controllers/user_controller.rb:23:in `+'
app/controllers/user_controller.rb:23:in `block in index'
app/controllers/user_controller.rb:10:in `index'
Started GET "/user/index" for 127.0.0.1 at 2017-11-19 19:02:42 +0900
Processing by UserController#index as HTML
  [1m[36mCompany Load (6.0ms)[0m  [1m[34mSELECT "companies".* FROM "companies"[0m
Completed 500 Internal Server Error in 34ms (ActiveRecord: 6.0ms)


  
TypeError (no implicit conversion of Fixnum into String):
  
app/controllers/user_controller.rb:23:in `+'
app/controllers/user_controller.rb:23:in `block in index'
app/controllers/user_controller.rb:10:in `index'
Started GET "/user/index" for 127.0.0.1 at 2017-11-19 19:03:18 +0900
Processing by UserController#index as HTML
  [1m[36mCompany Load (0.1ms)[0m  [1m[34mSELECT "companies".* FROM "companies"[0m
Completed 500 Internal Server Error in 18ms (ActiveRecord: 0.8ms)


  
TypeError (no implicit conversion of Fixnum into String):
  
app/controllers/user_controller.rb:24:in `+'
app/controllers/user_controller.rb:24:in `block in index'
app/controllers/user_controller.rb:10:in `index'
Started POST "/__web_console/repl_sessions/4afc31db1f76b21fb13e9a23d03362c0/trace" for 127.0.0.1 at 2017-11-19 19:03:44 +0900
Started GET "/user/index" for 127.0.0.1 at 2017-11-19 19:03:46 +0900
  
SyntaxError (/Users/mayagalaxy/Documents/MyProject/csc/jobp/app/controllers/user_controller.rb:37: syntax error, unexpected end-of-input, expecting keyword_end):
  
app/controllers/user_controller.rb:37: syntax error, unexpected end-of-input, expecting keyword_end
Started GET "/user/index" for 127.0.0.1 at 2017-11-19 19:05:13 +0900
  
SyntaxError (/Users/mayagalaxy/Documents/MyProject/csc/jobp/app/controllers/user_controller.rb:37: syntax error, unexpected end-of-input, expecting keyword_end):
  
app/controllers/user_controller.rb:37: syntax error, unexpected end-of-input, expecting keyword_end
Started GET "/user/index" for 127.0.0.1 at 2017-11-19 19:05:21 +0900
Processing by UserController#index as HTML
  [1m[36mCompany Load (0.1ms)[0m  [1m[34mSELECT "companies".* FROM "companies"[0m
Completed 500 Internal Server Error in 15ms (ActiveRecord: 1.1ms)


  
TypeError (no implicit conversion of Fixnum into String):
  
app/controllers/user_controller.rb:23:in `+'
app/controllers/user_controller.rb:23:in `block in index'
app/controllers/user_controller.rb:10:in `index'
Started GET "/user/index" for 127.0.0.1 at 2017-11-19 19:07:06 +0900
  
SyntaxError (/Users/mayagalaxy/Documents/MyProject/csc/jobp/app/controllers/user_controller.rb:23: syntax error, unexpected keyword_then
/Users/mayagalaxy/Documents/MyProject/csc/jobp/app/controllers/user_controller.rb:37: syntax error, unexpected keyword_end, expecting end-of-input):
  
app/controllers/user_controller.rb:23: syntax error, unexpected keyword_then
app/controllers/user_controller.rb:37: syntax error, unexpected keyword_end, expecting end-of-input
Started GET "/user/index" for 127.0.0.1 at 2017-11-19 19:09:04 +0900
  
SyntaxError (/Users/mayagalaxy/Documents/MyProject/csc/jobp/app/controllers/user_controller.rb:23: syntax error, unexpected keyword_then
/Users/mayagalaxy/Documents/MyProject/csc/jobp/app/controllers/user_controller.rb:37: syntax error, unexpected keyword_end, expecting end-of-input):
  
app/controllers/user_controller.rb:23: syntax error, unexpected keyword_then
app/controllers/user_controller.rb:37: syntax error, unexpected keyword_end, expecting end-of-input
Started GET "/user/index" for 127.0.0.1 at 2017-11-19 19:09:14 +0900
Processing by UserController#index as HTML
  [1m[36mCompany Load (0.2ms)[0m  [1m[34mSELECT "companies".* FROM "companies"[0m
Completed 500 Internal Server Error in 107ms (ActiveRecord: 1.4ms)


  
NoMethodError (undefined method `Progress?' for #<UserController:0x007ffd291410d0>
Did you mean?  process):
  
app/controllers/user_controller.rb:23:in `block in index'
app/controllers/user_controller.rb:10:in `index'
Started GET "/user/index" for 127.0.0.1 at 2017-11-19 19:09:24 +0900
Processing by UserController#index as HTML
  [1m[36mCompany Load (0.1ms)[0m  [1m[34mSELECT "companies".* FROM "companies"[0m
Completed 500 Internal Server Error in 83ms (ActiveRecord: 1.3ms)


  
NoMethodError (undefined method `Progress!' for #<UserController:0x007ffd284984f0>
Did you mean?  process):
  
app/controllers/user_controller.rb:23:in `block in index'
app/controllers/user_controller.rb:10:in `index'
Started GET "/user/index" for 127.0.0.1 at 2017-11-19 19:15:33 +0900
  
SyntaxError (/Users/mayagalaxy/Documents/MyProject/csc/jobp/app/controllers/user_controller.rb:23: syntax error, unexpected keyword_then
/Users/mayagalaxy/Documents/MyProject/csc/jobp/app/controllers/user_controller.rb:37: syntax error, unexpected keyword_end, expecting end-of-input):
  
app/controllers/user_controller.rb:23: syntax error, unexpected keyword_then
app/controllers/user_controller.rb:37: syntax error, unexpected keyword_end, expecting end-of-input
Started GET "/user/index" for 127.0.0.1 at 2017-11-19 19:19:21 +0900
Processing by UserController#index as HTML
  [1m[36mCompany Load (0.1ms)[0m  [1m[34mSELECT "companies".* FROM "companies"[0m
Completed 500 Internal Server Error in 15ms (ActiveRecord: 1.1ms)


  
TypeError (no implicit conversion of Fixnum into String):
  
app/controllers/user_controller.rb:24:in `+'
app/controllers/user_controller.rb:24:in `block in index'
app/controllers/user_controller.rb:10:in `index'
Started GET "/user/index" for 127.0.0.1 at 2017-11-19 19:19:39 +0900
Processing by UserController#index as HTML
  [1m[36mCompany Load (0.1ms)[0m  [1m[34mSELECT "companies".* FROM "companies"[0m
  Rendering user/index.html.erb within layouts/application
  Rendered user/index.html.erb within layouts/application (0.4ms)
Completed 200 OK in 46ms (Views: 28.8ms | ActiveRecord: 0.9ms)


Started GET "/user/index" for 127.0.0.1 at 2017-11-19 19:21:26 +0900
Processing by UserController#index as HTML
  [1m[36mCompany Load (0.1ms)[0m  [1m[34mSELECT "companies".* FROM "companies"[0m
  Rendering user/index.html.erb within layouts/application
  Rendered user/index.html.erb within layouts/application (0.4ms)
Completed 200 OK in 44ms (Views: 27.9ms | ActiveRecord: 0.9ms)


Started GET "/user/index" for 127.0.0.1 at 2017-11-19 19:21:27 +0900
Processing by UserController#index as HTML
  [1m[36mCompany Load (0.2ms)[0m  [1m[34mSELECT "companies".* FROM "companies"[0m
  Rendering user/index.html.erb within layouts/application
  Rendered user/index.html.erb within layouts/application (0.4ms)
Completed 200 OK in 22ms (Views: 18.9ms | ActiveRecord: 0.2ms)


Started GET "/user/index" for 127.0.0.1 at 2017-11-19 19:21:29 +0900
Processing by UserController#index as HTML
  [1m[36mCompany Load (0.3ms)[0m  [1m[34mSELECT "companies".* FROM "companies"[0m
  Rendering user/index.html.erb within layouts/application
  Rendered user/index.html.erb within layouts/application (0.5ms)
Completed 200 OK in 29ms (Views: 23.2ms | ActiveRecord: 0.3ms)


Started GET "/user/index" for 127.0.0.1 at 2017-11-19 19:21:31 +0900
Processing by UserController#index as HTML
  [1m[36mCompany Load (0.3ms)[0m  [1m[34mSELECT "companies".* FROM "companies"[0m
  Rendering user/index.html.erb within layouts/application
  Rendered user/index.html.erb within layouts/application (0.4ms)
Completed 200 OK in 26ms (Views: 19.3ms | ActiveRecord: 0.3ms)


Started GET "/user/index" for 127.0.0.1 at 2017-11-19 19:26:24 +0900
Processing by UserController#index as HTML
  [1m[36mCompany Load (0.2ms)[0m  [1m[34mSELECT "companies".* FROM "companies"[0m
  Rendering user/index.html.erb within layouts/application
  Rendered user/index.html.erb within layouts/application (0.5ms)
Completed 200 OK in 26ms (Views: 23.2ms | ActiveRecord: 0.2ms)


Started GET "/user/index" for 127.0.0.1 at 2017-11-19 19:26:35 +0900
Processing by UserController#index as HTML
  [1m[36mCompany Load (0.2ms)[0m  [1m[34mSELECT "companies".* FROM "companies"[0m
  Rendering user/index.html.erb within layouts/application
  Rendered user/index.html.erb within layouts/application (0.5ms)
Completed 200 OK in 26ms (Views: 22.0ms | ActiveRecord: 0.2ms)


Started GET "/user/index" for 127.0.0.1 at 2017-11-19 19:26:37 +0900
Processing by UserController#index as HTML
  [1m[36mCompany Load (0.2ms)[0m  [1m[34mSELECT "companies".* FROM "companies"[0m
  Rendering user/index.html.erb within layouts/application
  Rendered user/index.html.erb within layouts/application (0.4ms)
Completed 200 OK in 23ms (Views: 19.8ms | ActiveRecord: 0.2ms)


Started GET "/user/index" for 127.0.0.1 at 2017-11-19 19:26:37 +0900
Processing by UserController#index as HTML
  [1m[36mCompany Load (0.2ms)[0m  [1m[34mSELECT "companies".* FROM "companies"[0m
  Rendering user/index.html.erb within layouts/application
  Rendered user/index.html.erb within layouts/application (0.4ms)
Completed 200 OK in 23ms (Views: 20.0ms | ActiveRecord: 0.2ms)


Started GET "/user/index" for 127.0.0.1 at 2017-11-19 19:37:55 +0900
Processing by UserController#index as HTML
  [1m[36mCompany Load (0.2ms)[0m  [1m[34mSELECT "companies".* FROM "companies"[0m
  Rendering user/index.html.erb within layouts/application
  Rendered user/index.html.erb within layouts/application (10.4ms)
Completed 500 Internal Server Error in 27ms (ActiveRecord: 0.2ms)


  
ActionView::Template::Error (undefined method `to_key' for #<Class:0x007ffd2c17b7f0>
Did you mean?  to_query):
     7: </p>
     8: 
     9: 
    10: <%= form_for Company do |d| %>
    11:   <%= d.name :title %>
    12:   <%= d.memo :content %>
    13:   <%= d.url1 :content %>
  
app/views/user/index.html.erb:10:in `_app_views_user_index_html_erb___3405473577440573618_70362637875800'
Started GET "/user/index" for 127.0.0.1 at 2017-11-19 19:38:20 +0900
Processing by UserController#index as HTML
  [1m[36mCompany Load (0.2ms)[0m  [1m[34mSELECT "companies".* FROM "companies"[0m
  Rendering user/index.html.erb within layouts/application
  Rendered user/index.html.erb within layouts/application (7.1ms)
Completed 500 Internal Server Error in 17ms (ActiveRecord: 0.2ms)


  
ActionView::Template::Error (undefined method `to_key' for #<Company::ActiveRecord_Relation:0x007ffd2517e3d0>
Did you mean?  to_query
               to_set
               to_ary):
     7: </p>
     8: 
     9: 
    10: <%= form_for @coms do |d| %>
    11:   <%= d.name :title %>
    12:   <%= d.memo :content %>
    13:   <%= d.url1 :content %>
  
app/views/user/index.html.erb:10:in `_app_views_user_index_html_erb___3405473577440573618_70362617712760'
Started GET "/user/index" for 127.0.0.1 at 2017-11-19 19:38:59 +0900
Processing by UserController#index as HTML
  [1m[36mCompany Load (0.2ms)[0m  [1m[34mSELECT "companies".* FROM "companies"[0m
  Rendering user/index.html.erb within layouts/application
  Rendered user/index.html.erb within layouts/application (0.7ms)
Completed 500 Internal Server Error in 9ms (ActiveRecord: 0.2ms)


  
SyntaxError (/Users/mayagalaxy/Documents/MyProject/csc/jobp/app/views/user/index.html.erb:10: syntax error, unexpected keyword_do, expecting &. or :: or '[' or '.'
...ut_buffer.append=  for @coms do |d| @output_buffer.safe_appe...
...                               ^
/Users/mayagalaxy/Documents/MyProject/csc/jobp/app/views/user/index.html.erb:20: syntax error, unexpected keyword_ensure, expecting end-of-input):
  
app/views/user/index.html.erb:10: syntax error, unexpected keyword_do, expecting &. or :: or '[' or '.'
app/views/user/index.html.erb:20: syntax error, unexpected keyword_ensure, expecting end-of-input
Started GET "/user/index" for 127.0.0.1 at 2017-11-19 19:42:09 +0900
Processing by UserController#index as HTML
  [1m[36mCompany Load (0.2ms)[0m  [1m[34mSELECT "companies".* FROM "companies"[0m
  Rendering user/index.html.erb within layouts/application
  Rendered user/index.html.erb within layouts/application (0.7ms)
Completed 500 Internal Server Error in 8ms (ActiveRecord: 0.2ms)


  
SyntaxError (/Users/mayagalaxy/Documents/MyProject/csc/jobp/app/views/user/index.html.erb:10: syntax error, unexpected keyword_do, expecting &. or :: or '[' or '.'
...ut_buffer.append=  for @coms do |d| @output_buffer.safe_appe...
...                               ^
/Users/mayagalaxy/Documents/MyProject/csc/jobp/app/views/user/index.html.erb:20: syntax error, unexpected keyword_ensure, expecting end-of-input):
  
app/views/user/index.html.erb:10: syntax error, unexpected keyword_do, expecting &. or :: or '[' or '.'
app/views/user/index.html.erb:20: syntax error, unexpected keyword_ensure, expecting end-of-input
Started GET "/user/index" for 127.0.0.1 at 2017-11-19 19:42:49 +0900
Processing by UserController#index as HTML
  [1m[36mCompany Load (0.2ms)[0m  [1m[34mSELECT "companies".* FROM "companies"[0m
  Rendering user/index.html.erb within layouts/application
  Rendered user/index.html.erb within layouts/application (1.0ms)
Completed 500 Internal Server Error in 9ms (ActiveRecord: 0.2ms)


  
SyntaxError (/Users/mayagalaxy/Documents/MyProject/csc/jobp/app/views/user/index.html.erb:10: syntax error, unexpected keyword_do, expecting &. or :: or '[' or '.'
'.freeze; for @coms do |d| 
                      ^
/Users/mayagalaxy/Documents/MyProject/csc/jobp/app/views/user/index.html.erb:20: syntax error, unexpected keyword_ensure, expecting end-of-input):
  
app/views/user/index.html.erb:10: syntax error, unexpected keyword_do, expecting &. or :: or '[' or '.'
app/views/user/index.html.erb:20: syntax error, unexpected keyword_ensure, expecting end-of-input
Started GET "/user/index" for 127.0.0.1 at 2017-11-19 19:43:40 +0900
Processing by UserController#index as HTML
  [1m[36mCompany Load (0.2ms)[0m  [1m[34mSELECT "companies".* FROM "companies"[0m
  Rendering user/index.html.erb within layouts/application
  Rendered user/index.html.erb within layouts/application (2.2ms)
Completed 500 Internal Server Error in 12ms (ActiveRecord: 0.2ms)


  
ActionView::Template::Error (wrong number of arguments (given 1, expected 0)):
     8: 
     9: 
    10: <% @coms.each do |d| %>
    11:   <%= d.name :title %>
    12:   <%= d.memo :content %>
    13:   <%= d.url1 :content %>
    14:   <%= d.url2 :content %>
  
app/views/user/index.html.erb:11:in `block in _app_views_user_index_html_erb___3405473577440573618_70362618586880'
app/views/user/index.html.erb:10:in `_app_views_user_index_html_erb___3405473577440573618_70362618586880'
Started GET "/user/index" for 127.0.0.1 at 2017-11-19 19:44:11 +0900
Processing by UserController#index as HTML
  [1m[36mCompany Load (0.2ms)[0m  [1m[34mSELECT "companies".* FROM "companies"[0m
  Rendering user/index.html.erb within layouts/application
  Rendered user/index.html.erb within layouts/application (120.3ms)
Completed 500 Internal Server Error in 132ms (ActiveRecord: 0.2ms)


  
ActionView::Template::Error (undefined method `from_for' for #<#<Class:0x007ffd259ce3a0>:0x007ffd2ec077f8>
Did you mean?  form_for):
     7: </p>
     8: 
     9: 
    10: <% from_for @coms.each do |d| %>
    11:   <%= d.name :title %>
    12:   <%= d.memo :content %>
    13:   <%= d.url1 :content %>
  
app/views/user/index.html.erb:10:in `_app_views_user_index_html_erb___3405473577440573618_70362693968260'
Started GET "/user/index" for 127.0.0.1 at 2017-11-19 19:45:33 +0900
Processing by UserController#index as HTML
  [1m[36mCompany Load (0.2ms)[0m  [1m[34mSELECT "companies".* FROM "companies"[0m
  Rendering user/index.html.erb within layouts/application
  Rendered user/index.html.erb within layouts/application (0.8ms)
Completed 200 OK in 38ms (Views: 35.1ms | ActiveRecord: 0.2ms)


Started GET "/user/index" for 127.0.0.1 at 2017-11-19 19:47:24 +0900
Processing by UserController#index as HTML
  [1m[36mCompany Load (0.2ms)[0m  [1m[34mSELECT "companies".* FROM "companies"[0m
  Rendering user/index.html.erb within layouts/application
  Rendered user/index.html.erb within layouts/application (0.7ms)
Completed 200 OK in 23ms (Views: 20.1ms | ActiveRecord: 0.2ms)


Started GET "/user/index" for 127.0.0.1 at 2017-11-19 19:47:33 +0900
Processing by UserController#index as HTML
  [1m[36mCompany Load (0.4ms)[0m  [1m[34mSELECT "companies".* FROM "companies"[0m
  Rendering user/index.html.erb within layouts/application
  Rendered user/index.html.erb within layouts/application (0.6ms)
Completed 200 OK in 26ms (Views: 20.9ms | ActiveRecord: 0.4ms)


Started GET "/user/index" for 127.0.0.1 at 2017-11-19 19:48:10 +0900
Processing by UserController#index as HTML
  [1m[36mCompany Load (0.2ms)[0m  [1m[34mSELECT "companies".* FROM "companies"[0m
  Rendering user/index.html.erb within layouts/application
  Rendered user/index.html.erb within layouts/application (0.6ms)
Completed 200 OK in 23ms (Views: 19.1ms | ActiveRecord: 0.2ms)


Started GET "/user/index" for 127.0.0.1 at 2017-11-19 19:48:33 +0900
Processing by UserController#index as HTML
  [1m[36mCompany Load (0.2ms)[0m  [1m[34mSELECT "companies".* FROM "companies"[0m
  Rendering user/index.html.erb within layouts/application
  Rendered user/index.html.erb within layouts/application (0.6ms)
Completed 200 OK in 19ms (Views: 16.4ms | ActiveRecord: 0.2ms)


Started GET "/user/index" for 127.0.0.1 at 2017-11-19 19:48:49 +0900
Processing by UserController#index as HTML
  [1m[36mCompany Load (0.2ms)[0m  [1m[34mSELECT "companies".* FROM "companies"[0m
  Rendering user/index.html.erb within layouts/application
  Rendered user/index.html.erb within layouts/application (0.6ms)
Completed 200 OK in 25ms (Views: 22.0ms | ActiveRecord: 0.2ms)


Started GET "/user/index" for 127.0.0.1 at 2017-11-19 19:48:59 +0900
Processing by UserController#index as HTML
  [1m[36mCompany Load (0.2ms)[0m  [1m[34mSELECT "companies".* FROM "companies"[0m
  Rendering user/index.html.erb within layouts/application
  Rendered user/index.html.erb within layouts/application (0.5ms)
Completed 200 OK in 24ms (Views: 20.5ms | ActiveRecord: 0.2ms)


Started GET "/user/index" for 127.0.0.1 at 2017-11-19 19:49:01 +0900
Processing by UserController#index as HTML
  [1m[36mCompany Load (0.2ms)[0m  [1m[34mSELECT "companies".* FROM "companies"[0m
  Rendering user/index.html.erb within layouts/application
  Rendered user/index.html.erb within layouts/application (0.6ms)
Completed 200 OK in 24ms (Views: 21.2ms | ActiveRecord: 0.2ms)


Started GET "/user/index" for 127.0.0.1 at 2017-11-19 20:02:32 +0900
Processing by UserController#index as HTML
  [1m[36mCompany Load (0.2ms)[0m  [1m[34mSELECT "companies".* FROM "companies"[0m
  Rendering user/index.html.erb within layouts/application
  Rendered user/index.html.erb within layouts/application (0.8ms)
Completed 200 OK in 34ms (Views: 29.7ms | ActiveRecord: 0.2ms)


  [1m[35m (0.7ms)[0m  [1m[34mSELECT "schema_migrations"."version" FROM "schema_migrations" ORDER BY "schema_migrations"."version" ASC[0m
  [1m[35m (0.3ms)[0m  [1m[34mSELECT "schema_migrations"."version" FROM "schema_migrations" ORDER BY "schema_migrations"."version" ASC[0m
  [1m[35m (0.3ms)[0m  [1m[34mSELECT "schema_migrations"."version" FROM "schema_migrations" ORDER BY "schema_migrations"."version" ASC[0m
  [1m[35m (0.1ms)[0m  [1m[36mbegin transaction[0m
  [1m[35m (0.0ms)[0m  [1m[31mrollback transaction[0m
  [1m[35m (0.1ms)[0m  [1m[34mSELECT "schema_migrations"."version" FROM "schema_migrations" ORDER BY "schema_migrations"."version" ASC[0m
  [1m[35m (0.1ms)[0m  [1m[36mbegin transaction[0m
  [1m[35m (0.0ms)[0m  [1m[31mrollback transaction[0m
  [1m[35m (0.1ms)[0m  [1m[34mSELECT "schema_migrations"."version" FROM "schema_migrations" ORDER BY "schema_migrations"."version" ASC[0m
  [1m[35m (0.0ms)[0m  [1m[36mbegin transaction[0m
  [1m[35m (0.0ms)[0m  [1m[31mrollback transaction[0m
  [1m[35m (0.1ms)[0m  [1m[34mSELECT "schema_migrations"."version" FROM "schema_migrations" ORDER BY "schema_migrations"."version" ASC[0m
  [1m[35m (0.0ms)[0m  [1m[36mbegin transaction[0m
  [1m[35m (0.0ms)[0m  [1m[31mrollback transaction[0m
  [1m[35m (0.1ms)[0m  [1m[34mSELECT "schema_migrations"."version" FROM "schema_migrations" ORDER BY "schema_migrations"."version" ASC[0m
  [1m[35m (0.1ms)[0m  [1m[36mbegin transaction[0m
  [1m[35m (0.0ms)[0m  [1m[31mrollback transaction[0m
  [1m[35m (0.1ms)[0m  [1m[34mSELECT "schema_migrations"."version" FROM "schema_migrations" ORDER BY "schema_migrations"."version" ASC[0m
  [1m[35m (0.0ms)[0m  [1m[36mbegin transaction[0m
  [1m[35m (0.0ms)[0m  [1m[31mrollback transaction[0m
  [1m[35m (0.1ms)[0m  [1m[34mSELECT "schema_migrations"."version" FROM "schema_migrations" ORDER BY "schema_migrations"."version" ASC[0m
  [1m[35m (0.1ms)[0m  [1m[36mbegin transaction[0m
  [1m[35m (0.0ms)[0m  [1m[31mrollback transaction[0m
  [1m[35m (0.1ms)[0m  [1m[34mSELECT "schema_migrations"."version" FROM "schema_migrations" ORDER BY "schema_migrations"."version" ASC[0m
  [1m[35m (0.0ms)[0m  [1m[36mbegin transaction[0m
  [1m[35m (0.0ms)[0m  [1m[31mrollback transaction[0m
  [1m[35m (0.1ms)[0m  [1m[34mSELECT "schema_migrations"."version" FROM "schema_migrations" ORDER BY "schema_migrations"."version" ASC[0m
  [1m[35m (0.1ms)[0m  [1m[34mSELECT "schema_migrations"."version" FROM "schema_migrations" ORDER BY "schema_migrations"."version" ASC[0m
  [1m[35m (0.1ms)[0m  [1m[34mSELECT "schema_migrations"."version" FROM "schema_migrations" ORDER BY "schema_migrations"."version" ASC[0m
  [1m[35m (0.1ms)[0m  [1m[34mSELECT "schema_migrations"."version" FROM "schema_migrations" ORDER BY "schema_migrations"."version" ASC[0m
  [1m[35m (0.1ms)[0m  [1m[36mbegin transaction[0m
  [1m[35mSQL (1.3ms)[0m  [1m[32mINSERT INTO "companies" ("id", "name", "memo", "address", "lat", "lng", "zoom", "url1", "url2") VALUES (?, ?, ?, ?, ?, ?, ?, ?, ?)[0m  [["id", 0], ["name", "株式会社リブセンス"], ["memo", "ほげほげ"], ["address", "〒141-0021 東京都品川区上大崎２丁目２５−２ 新目黒東急ビル"], ["lat", 0.0], ["lng", 0.0], ["zoom", 19], ["url1", "http://www.livesense.co.jp/"], ["url2", ""]]
  [1m[35m (0.1ms)[0m  [1m[31mrollback transaction[0m
  [1m[35m (0.1ms)[0m  [1m[34mSELECT "schema_migrations"."version" FROM "schema_migrations" ORDER BY "schema_migrations"."version" ASC[0m
  [1m[35m (0.1ms)[0m  [1m[36mbegin transaction[0m
  [1m[35mSQL (0.7ms)[0m  [1m[32mINSERT INTO "companies" ("name", "memo", "address", "lat", "lng", "zoom", "url1", "url2") VALUES (?, ?, ?, ?, ?, ?, ?, ?)[0m  [["name", "株式会社リブセンス"], ["memo", "ほげほげ"], ["address", "〒141-0021 東京都品川区上大崎２丁目２５−２ 新目黒東急ビル"], ["lat", 0.0], ["lng", 0.0], ["zoom", 19], ["url1", "http://www.livesense.co.jp/"], ["url2", ""]]
  [1m[35m (1.5ms)[0m  [1m[36mcommit transaction[0m
  [1m[35m (0.0ms)[0m  [1m[36mbegin transaction[0m
  [1m[35mSQL (0.3ms)[0m  [1m[32mINSERT INTO "companies" ("name", "memo", "address", "lat", "lng", "zoom", "url1", "url2") VALUES (?, ?, ?, ?, ?, ?, ?, ?)[0m  [["name", "freee株式会社"], ["memo", "ほげほげ2"], ["address", "〒141-0031　東京都品川区西五反田2-8-1 五反田ファーストビル 9F"], ["lat", 0.0], ["lng", 0.0], ["zoom", 19], ["url1", "https://corp.freee.co.jp"], ["url2", ""]]
  [1m[35m (1.1ms)[0m  [1m[36mcommit transaction[0m
  [1m[35m (0.2ms)[0m  [1m[34mSELECT "schema_migrations"."version" FROM "schema_migrations" ORDER BY "schema_migrations"."version" ASC[0m
  [1m[35m (0.0ms)[0m  [1m[36mbegin transaction[0m
  [1m[35mSQL (0.4ms)[0m  [1m[32mINSERT INTO "companies" ("name", "memo", "address", "lat", "lng", "zoom", "url1", "url2") VALUES (?, ?, ?, ?, ?, ?, ?, ?)[0m  [["name", "株式会社リブセンス"], ["memo", "ほげほげ"], ["address", "〒141-0021 東京都品川区上大崎２丁目２５−２ 新目黒東急ビル"], ["lat", 0.0], ["lng", 0.0], ["zoom", 19], ["url1", "http://www.livesense.co.jp/"], ["url2", ""]]
  [1m[35m (2.3ms)[0m  [1m[36mcommit transaction[0m
  [1m[35m (0.1ms)[0m  [1m[36mbegin transaction[0m
  [1m[35mSQL (0.4ms)[0m  [1m[32mINSERT INTO "companies" ("name", "memo", "address", "lat", "lng", "zoom", "url1", "url2") VALUES (?, ?, ?, ?, ?, ?, ?, ?)[0m  [["name", "freee株式会社"], ["memo", "ほげほげ2"], ["address", "〒141-0031　東京都品川区西五反田2-8-1 五反田ファーストビル 9F"], ["lat", 0.0], ["lng", 0.0], ["zoom", 19], ["url1", "https://corp.freee.co.jp"], ["url2", ""]]
  [1m[35m (1.2ms)[0m  [1m[36mcommit transaction[0m
Started GET "/user/index" for 127.0.0.1 at 2017-11-19 21:07:42 +0900
Processing by UserController#index as HTML
  [1m[36mCompany Load (0.2ms)[0m  [1m[34mSELECT "companies".* FROM "companies"[0m
  Rendering user/index.html.erb within layouts/application
  Rendered user/index.html.erb within layouts/application (0.6ms)
Completed 200 OK in 27ms (Views: 24.3ms | ActiveRecord: 0.2ms)


Started GET "/user/index" for 127.0.0.1 at 2017-11-19 21:08:40 +0900
Processing by UserController#index as HTML
  [1m[36mCompany Load (0.3ms)[0m  [1m[34mSELECT "companies".* FROM "companies"[0m
  Rendering user/index.html.erb within layouts/application
  Rendered user/index.html.erb within layouts/application (0.9ms)
Completed 200 OK in 64ms (Views: 59.1ms | ActiveRecord: 0.3ms)


Started GET "/user/index" for 127.0.0.1 at 2017-11-19 21:19:36 +0900
Processing by UserController#index as HTML
  [1m[36mCompany Load (0.2ms)[0m  [1m[34mSELECT "companies".* FROM "companies"[0m
  Rendering user/index.html.erb within layouts/application
  Rendered user/index.html.erb within layouts/application (263.7ms)
Completed 500 Internal Server Error in 273ms (ActiveRecord: 0.2ms)


  
ActionView::Template::Error (undefined local variable or method `root_path' for #<#<Class:0x007ffd259ce3a0>:0x007ffd2e8137f0>
Did you mean?  font_path):
    14:     メモ　：<%= d.memo %><br>
    15:     URL1 ：<%= d.url1 %><br>
    16:     URL2 ：<%= d.url2 %><br>
    17:     <%= link_to '削除', root_path %>
    18:     <%= link_to '経過を追加', root_path %>
    19:     <%= link_to '新しい会社', root_path %>
    20:     ----------<br>
  
app/views/user/index.html.erb:17:in `block in _app_views_user_index_html_erb___3405473577440573618_70362691813760'
app/views/user/index.html.erb:10:in `_app_views_user_index_html_erb___3405473577440573618_70362691813760'
Started GET "/user/index" for 127.0.0.1 at 2017-11-19 21:20:21 +0900
Processing by UserController#index as HTML
  [1m[36mCompany Load (0.2ms)[0m  [1m[34mSELECT "companies".* FROM "companies"[0m
  Rendering user/index.html.erb within layouts/application
  Rendered user/index.html.erb within layouts/application (1.1ms)
Completed 200 OK in 29ms (Views: 25.1ms | ActiveRecord: 0.2ms)


Started GET "/user/index" for 127.0.0.1 at 2017-11-19 21:20:32 +0900
Processing by UserController#index as HTML
  [1m[36mCompany Load (0.3ms)[0m  [1m[34mSELECT "companies".* FROM "companies"[0m
  Rendering user/index.html.erb within layouts/application
  Rendered user/index.html.erb within layouts/application (1.1ms)
Completed 200 OK in 28ms (Views: 23.5ms | ActiveRecord: 0.3ms)


Started GET "/user/" for 127.0.0.1 at 2017-11-19 21:21:01 +0900
  
ActionController::RoutingError (No route matches [GET] "/user"):
  
actionpack (5.1.4) lib/action_dispatch/middleware/debug_exceptions.rb:63:in `call'
web-console (3.5.1) lib/web_console/middleware.rb:135:in `call_app'
web-console (3.5.1) lib/web_console/middleware.rb:28:in `block in call'
web-console (3.5.1) lib/web_console/middleware.rb:18:in `catch'
web-console (3.5.1) lib/web_console/middleware.rb:18:in `call'
actionpack (5.1.4) lib/action_dispatch/middleware/show_exceptions.rb:31:in `call'
railties (5.1.4) lib/rails/rack/logger.rb:36:in `call_app'
railties (5.1.4) lib/rails/rack/logger.rb:24:in `block in call'
activesupport (5.1.4) lib/active_support/tagged_logging.rb:69:in `block in tagged'
activesupport (5.1.4) lib/active_support/tagged_logging.rb:26:in `tagged'
activesupport (5.1.4) lib/active_support/tagged_logging.rb:69:in `tagged'
railties (5.1.4) lib/rails/rack/logger.rb:24:in `call'
sprockets-rails (3.2.1) lib/sprockets/rails/quiet_assets.rb:13:in `call'
actionpack (5.1.4) lib/action_dispatch/middleware/remote_ip.rb:79:in `call'
actionpack (5.1.4) lib/action_dispatch/middleware/request_id.rb:25:in `call'
rack (2.0.3) lib/rack/method_override.rb:22:in `call'
rack (2.0.3) lib/rack/runtime.rb:22:in `call'
activesupport (5.1.4) lib/active_support/cache/strategy/local_cache_middleware.rb:27:in `call'
actionpack (5.1.4) lib/action_dispatch/middleware/executor.rb:12:in `call'
actionpack (5.1.4) lib/action_dispatch/middleware/static.rb:125:in `call'
rack (2.0.3) lib/rack/sendfile.rb:111:in `call'
railties (5.1.4) lib/rails/engine.rb:522:in `call'
puma (3.10.0) lib/puma/configuration.rb:225:in `call'
puma (3.10.0) lib/puma/server.rb:605:in `handle_request'
puma (3.10.0) lib/puma/server.rb:437:in `process_client'
puma (3.10.0) lib/puma/server.rb:301:in `block in run'
puma (3.10.0) lib/puma/thread_pool.rb:120:in `block in spawn_thread'
Started GET "/user/index" for 127.0.0.1 at 2017-11-19 21:21:11 +0900
Processing by UserController#index as HTML
  [1m[36mCompany Load (0.2ms)[0m  [1m[34mSELECT "companies".* FROM "companies"[0m
  Rendering user/index.html.erb within layouts/application
  Rendered user/index.html.erb within layouts/application (1.0ms)
Completed 200 OK in 22ms (Views: 18.4ms | ActiveRecord: 0.2ms)


